2022-01-24 21:08:28 INFO::euc_pla_nimportant3_23.csv by k-nn classification accuracies are calculated.
2022-01-24 21:08:34 INFO::euc_pla_nimportant5_12.csv by k-nn classification accuracies are calculated.
2022-01-24 21:08:41 INFO::euc_pla_nimportant5_13.csv by k-nn classification accuracies are calculated.
2022-01-24 21:08:46 INFO::euc_pla_nimportant5_14.csv by k-nn classification accuracies are calculated.
2022-01-24 21:08:52 INFO::euc_pla_nimportant5_15.csv by k-nn classification accuracies are calculated.
2022-01-24 21:08:57 INFO::euc_pla_nimportant5_16.csv by k-nn classification accuracies are calculated.
2022-01-24 21:09:03 INFO::euc_pla_nimportant5_17.csv by k-nn classification accuracies are calculated.
2022-01-24 21:09:10 INFO::euc_pla_nimportant5_18.csv by k-nn classification accuracies are calculated.
2022-01-24 21:09:16 INFO::euc_pla_nimportant5_19.csv by k-nn classification accuracies are calculated.
2022-01-24 21:09:23 INFO::euc_pla_nimportant5_20.csv by k-nn classification accuracies are calculated.
2022-01-24 21:09:30 INFO::euc_pla_nimportant5_21.csv by k-nn classification accuracies are calculated.
2022-01-24 21:09:37 INFO::euc_pla_nimportant5_22.csv by k-nn classification accuracies are calculated.
2022-01-24 21:09:43 INFO::euc_pla_nimportant5_23.csv by k-nn classification accuracies are calculated.
2022-01-24 21:09:49 INFO::euc_raw_time168_12.csv by k-nn classification accuracies are calculated.
2022-01-24 21:09:57 INFO::euc_raw_time168_13.csv by k-nn classification accuracies are calculated.
2022-01-24 21:10:04 INFO::euc_raw_time168_14.csv by k-nn classification accuracies are calculated.
2022-01-24 21:10:10 INFO::euc_raw_time168_15.csv by k-nn classification accuracies are calculated.
2022-01-24 21:10:16 INFO::euc_raw_time168_16.csv by k-nn classification accuracies are calculated.
2022-01-24 21:10:23 INFO::euc_raw_time168_17.csv by k-nn classification accuracies are calculated.
2022-01-24 21:10:31 INFO::euc_raw_time168_18.csv by k-nn classification accuracies are calculated.
2022-01-24 21:10:38 INFO::euc_raw_time168_19.csv by k-nn classification accuracies are calculated.
2022-01-24 21:10:45 INFO::euc_raw_time168_20.csv by k-nn classification accuracies are calculated.
2022-01-24 21:10:52 INFO::euc_raw_time168_21.csv by k-nn classification accuracies are calculated.
2022-01-24 21:10:59 INFO::euc_raw_time168_22.csv by k-nn classification accuracies are calculated.
2022-01-24 21:11:06 INFO::euc_raw_time168_23.csv by k-nn classification accuracies are calculated.
2022-01-24 21:11:13 INFO::euc_raw_time336_12.csv by k-nn classification accuracies are calculated.
2022-01-24 21:11:19 INFO::euc_raw_time336_13.csv by k-nn classification accuracies are calculated.
2022-01-24 21:11:26 INFO::euc_raw_time336_14.csv by k-nn classification accuracies are calculated.
2022-01-24 21:11:33 INFO::euc_raw_time336_15.csv by k-nn classification accuracies are calculated.
2022-01-24 21:11:39 INFO::euc_raw_time336_16.csv by k-nn classification accuracies are calculated.
2022-01-24 21:11:45 INFO::euc_raw_time336_17.csv by k-nn classification accuracies are calculated.
2022-01-24 21:11:52 INFO::euc_raw_time336_18.csv by k-nn classification accuracies are calculated.
2022-01-24 21:11:59 INFO::euc_raw_time336_19.csv by k-nn classification accuracies are calculated.
2022-01-24 21:12:06 INFO::euc_raw_time336_20.csv by k-nn classification accuracies are calculated.
2022-01-24 21:12:12 INFO::euc_raw_time336_21.csv by k-nn classification accuracies are calculated.
2022-01-24 21:12:19 INFO::euc_raw_time336_22.csv by k-nn classification accuracies are calculated.
2022-01-24 21:12:25 INFO::euc_raw_time336_23.csv by k-nn classification accuracies are calculated.
2022-01-24 21:12:32 INFO::euc_raw_time72_12.csv by k-nn classification accuracies are calculated.
2022-01-24 21:12:38 INFO::euc_raw_time72_13.csv by k-nn classification accuracies are calculated.
2022-01-24 21:12:43 INFO::euc_raw_time72_14.csv by k-nn classification accuracies are calculated.
2022-01-24 21:12:49 INFO::euc_raw_time72_15.csv by k-nn classification accuracies are calculated.
2022-01-24 21:12:56 INFO::euc_raw_time72_16.csv by k-nn classification accuracies are calculated.
2022-01-24 21:13:02 INFO::euc_raw_time72_17.csv by k-nn classification accuracies are calculated.
2022-01-24 21:13:09 INFO::euc_raw_time72_18.csv by k-nn classification accuracies are calculated.
2022-01-24 21:13:15 INFO::euc_raw_time72_19.csv by k-nn classification accuracies are calculated.
2022-01-24 21:13:22 INFO::euc_raw_time72_20.csv by k-nn classification accuracies are calculated.
2022-01-24 21:13:28 INFO::euc_raw_time72_21.csv by k-nn classification accuracies are calculated.
2022-01-24 21:13:33 INFO::euc_raw_time72_22.csv by k-nn classification accuracies are calculated.
2022-01-24 21:13:40 INFO::euc_raw_time72_23.csv by k-nn classification accuracies are calculated.
2022-01-24 21:13:46 INFO::euc_rpart_maxdepth10_12.csv by k-nn classification accuracies are calculated.
2022-01-24 21:13:52 INFO::euc_rpart_maxdepth10_13.csv by k-nn classification accuracies are calculated.
2022-01-24 21:13:59 INFO::euc_rpart_maxdepth10_14.csv by k-nn classification accuracies are calculated.
2022-01-24 21:14:06 INFO::euc_rpart_maxdepth10_15.csv by k-nn classification accuracies are calculated.
2022-01-24 21:14:12 INFO::euc_rpart_maxdepth10_16.csv by k-nn classification accuracies are calculated.
2022-01-24 21:14:18 INFO::euc_rpart_maxdepth10_17.csv by k-nn classification accuracies are calculated.
2022-01-24 21:14:25 INFO::euc_rpart_maxdepth10_18.csv by k-nn classification accuracies are calculated.
2022-01-24 21:14:31 INFO::euc_rpart_maxdepth10_19.csv by k-nn classification accuracies are calculated.
2022-01-24 21:14:37 INFO::euc_rpart_maxdepth10_20.csv by k-nn classification accuracies are calculated.
2022-01-24 21:14:43 INFO::euc_rpart_maxdepth10_21.csv by k-nn classification accuracies are calculated.
2022-01-24 21:14:48 INFO::euc_rpart_maxdepth10_22.csv by k-nn classification accuracies are calculated.
2022-01-24 21:14:53 INFO::euc_rpart_maxdepth10_23.csv by k-nn classification accuracies are calculated.
2022-01-24 21:14:56 INFO::euc_rpart_maxdepth3_12.csv by k-nn classification accuracies are calculated.
2022-01-24 21:14:59 INFO::euc_rpart_maxdepth3_13.csv by k-nn classification accuracies are calculated.
2022-01-24 21:15:01 INFO::euc_rpart_maxdepth3_14.csv by k-nn classification accuracies are calculated.
2022-01-24 21:15:04 INFO::euc_rpart_maxdepth3_15.csv by k-nn classification accuracies are calculated.
2022-01-24 21:15:07 INFO::euc_rpart_maxdepth3_16.csv by k-nn classification accuracies are calculated.
2022-01-24 21:15:10 INFO::euc_rpart_maxdepth3_17.csv by k-nn classification accuracies are calculated.
2022-01-24 21:15:12 INFO::euc_rpart_maxdepth3_18.csv by k-nn classification accuracies are calculated.
2022-01-24 21:15:15 INFO::euc_rpart_maxdepth3_19.csv by k-nn classification accuracies are calculated.
2022-01-24 21:15:18 INFO::euc_rpart_maxdepth3_20.csv by k-nn classification accuracies are calculated.
2022-01-24 21:15:21 INFO::euc_rpart_maxdepth3_21.csv by k-nn classification accuracies are calculated.
2022-01-24 21:15:23 INFO::euc_rpart_maxdepth3_22.csv by k-nn classification accuracies are calculated.
2022-01-24 21:15:26 INFO::euc_rpart_maxdepth3_23.csv by k-nn classification accuracies are calculated.
2022-01-24 21:15:29 INFO::euc_rpart_maxdepth5_12.csv by k-nn classification accuracies are calculated.
2022-01-24 21:15:32 INFO::euc_rpart_maxdepth5_13.csv by k-nn classification accuracies are calculated.
2022-01-24 21:15:35 INFO::euc_rpart_maxdepth5_14.csv by k-nn classification accuracies are calculated.
2022-01-24 21:15:38 INFO::euc_rpart_maxdepth5_15.csv by k-nn classification accuracies are calculated.
2022-01-24 21:15:41 INFO::euc_rpart_maxdepth5_16.csv by k-nn classification accuracies are calculated.
2022-01-24 21:15:44 INFO::euc_rpart_maxdepth5_17.csv by k-nn classification accuracies are calculated.
2022-01-24 21:15:47 INFO::euc_rpart_maxdepth5_18.csv by k-nn classification accuracies are calculated.
2022-01-24 21:15:50 INFO::euc_rpart_maxdepth5_19.csv by k-nn classification accuracies are calculated.
2022-01-24 21:15:53 INFO::euc_rpart_maxdepth5_20.csv by k-nn classification accuracies are calculated.
2022-01-24 21:15:55 INFO::euc_rpart_maxdepth5_21.csv by k-nn classification accuracies are calculated.
2022-01-24 21:15:58 INFO::euc_rpart_maxdepth5_22.csv by k-nn classification accuracies are calculated.
2022-01-24 21:16:02 INFO::euc_rpart_maxdepth5_23.csv by k-nn classification accuracies are calculated.
2022-01-24 21:16:04 INFO::euc_sax_segmenthlength12apphabetsize3_12.csv by k-nn classification accuracies are calculated.
2022-01-24 21:16:07 INFO::euc_sax_segmenthlength12apphabetsize3_13.csv by k-nn classification accuracies are calculated.
2022-01-24 21:16:10 INFO::euc_sax_segmenthlength12apphabetsize3_14.csv by k-nn classification accuracies are calculated.
2022-01-24 21:16:13 INFO::euc_sax_segmenthlength12apphabetsize3_15.csv by k-nn classification accuracies are calculated.
2022-01-24 21:16:16 INFO::euc_sax_segmenthlength12apphabetsize3_16.csv by k-nn classification accuracies are calculated.
2022-01-24 21:16:19 INFO::euc_sax_segmenthlength12apphabetsize3_17.csv by k-nn classification accuracies are calculated.
2022-01-24 21:16:21 INFO::euc_sax_segmenthlength12apphabetsize3_18.csv by k-nn classification accuracies are calculated.
2022-01-24 21:16:24 INFO::euc_sax_segmenthlength12apphabetsize3_19.csv by k-nn classification accuracies are calculated.
2022-01-24 21:16:27 INFO::euc_sax_segmenthlength12apphabetsize3_20.csv by k-nn classification accuracies are calculated.
2022-01-24 21:16:30 INFO::euc_sax_segmenthlength12apphabetsize3_21.csv by k-nn classification accuracies are calculated.
2022-01-24 21:16:33 INFO::euc_sax_segmenthlength12apphabetsize3_22.csv by k-nn classification accuracies are calculated.
2022-01-24 21:16:35 INFO::euc_sax_segmenthlength12apphabetsize3_23.csv by k-nn classification accuracies are calculated.
2022-01-24 21:16:38 INFO::euc_sax_segmenthlength12apphabetsize5_12.csv by k-nn classification accuracies are calculated.
2022-01-24 21:16:42 INFO::euc_sax_segmenthlength12apphabetsize5_13.csv by k-nn classification accuracies are calculated.
2022-01-24 21:16:45 INFO::euc_sax_segmenthlength12apphabetsize5_14.csv by k-nn classification accuracies are calculated.
2022-01-24 21:16:48 INFO::euc_sax_segmenthlength12apphabetsize5_15.csv by k-nn classification accuracies are calculated.
2022-01-24 21:16:51 INFO::euc_sax_segmenthlength12apphabetsize5_16.csv by k-nn classification accuracies are calculated.
2022-01-24 21:16:53 INFO::euc_sax_segmenthlength12apphabetsize5_17.csv by k-nn classification accuracies are calculated.
2022-01-24 21:16:56 INFO::euc_sax_segmenthlength12apphabetsize5_18.csv by k-nn classification accuracies are calculated.
2022-01-24 21:16:59 INFO::euc_sax_segmenthlength12apphabetsize5_19.csv by k-nn classification accuracies are calculated.
2022-01-24 21:17:02 INFO::euc_sax_segmenthlength12apphabetsize5_20.csv by k-nn classification accuracies are calculated.
2022-01-24 21:17:05 INFO::euc_sax_segmenthlength12apphabetsize5_21.csv by k-nn classification accuracies are calculated.
2022-01-24 21:17:08 INFO::euc_sax_segmenthlength12apphabetsize5_22.csv by k-nn classification accuracies are calculated.
2022-01-24 21:17:11 INFO::euc_sax_segmenthlength12apphabetsize5_23.csv by k-nn classification accuracies are calculated.
2022-01-24 21:17:14 INFO::euc_sax_segmenthlength6apphabetsize3_12.csv by k-nn classification accuracies are calculated.
2022-01-24 21:17:17 INFO::euc_sax_segmenthlength6apphabetsize3_13.csv by k-nn classification accuracies are calculated.
2022-01-24 21:17:19 INFO::euc_sax_segmenthlength6apphabetsize3_14.csv by k-nn classification accuracies are calculated.
2022-01-24 21:17:22 INFO::euc_sax_segmenthlength6apphabetsize3_15.csv by k-nn classification accuracies are calculated.
2022-01-24 21:17:25 INFO::euc_sax_segmenthlength6apphabetsize3_16.csv by k-nn classification accuracies are calculated.
2022-01-24 21:17:28 INFO::euc_sax_segmenthlength6apphabetsize3_17.csv by k-nn classification accuracies are calculated.
2022-01-24 21:17:31 INFO::euc_sax_segmenthlength6apphabetsize3_18.csv by k-nn classification accuracies are calculated.
2022-01-24 21:17:34 INFO::euc_sax_segmenthlength6apphabetsize3_19.csv by k-nn classification accuracies are calculated.
2022-01-24 21:17:37 INFO::euc_sax_segmenthlength6apphabetsize3_20.csv by k-nn classification accuracies are calculated.
2022-01-24 21:17:40 INFO::euc_sax_segmenthlength6apphabetsize3_21.csv by k-nn classification accuracies are calculated.
2022-01-24 21:17:43 INFO::euc_sax_segmenthlength6apphabetsize3_22.csv by k-nn classification accuracies are calculated.
2022-01-24 21:17:47 INFO::euc_sax_segmenthlength6apphabetsize3_23.csv by k-nn classification accuracies are calculated.
2022-01-24 21:17:50 INFO::euc_sax_segmenthlength6apphabetsize5_12.csv by k-nn classification accuracies are calculated.
2022-01-24 21:17:52 INFO::euc_sax_segmenthlength6apphabetsize5_13.csv by k-nn classification accuracies are calculated.
2022-01-24 21:17:55 INFO::euc_sax_segmenthlength6apphabetsize5_14.csv by k-nn classification accuracies are calculated.
2022-01-24 21:17:58 INFO::euc_sax_segmenthlength6apphabetsize5_15.csv by k-nn classification accuracies are calculated.
2022-01-24 21:18:01 INFO::euc_sax_segmenthlength6apphabetsize5_16.csv by k-nn classification accuracies are calculated.
2022-01-24 21:18:04 INFO::euc_sax_segmenthlength6apphabetsize5_17.csv by k-nn classification accuracies are calculated.
2022-01-24 21:18:07 INFO::euc_sax_segmenthlength6apphabetsize5_18.csv by k-nn classification accuracies are calculated.
2022-01-24 21:18:09 INFO::euc_sax_segmenthlength6apphabetsize5_19.csv by k-nn classification accuracies are calculated.
2022-01-24 21:18:12 INFO::euc_sax_segmenthlength6apphabetsize5_20.csv by k-nn classification accuracies are calculated.
2022-01-24 21:18:15 INFO::euc_sax_segmenthlength6apphabetsize5_21.csv by k-nn classification accuracies are calculated.
2022-01-24 21:18:18 INFO::euc_sax_segmenthlength6apphabetsize5_22.csv by k-nn classification accuracies are calculated.
2022-01-24 21:18:21 INFO::euc_sax_segmenthlength6apphabetsize5_23.csv by k-nn classification accuracies are calculated.
2022-01-24 21:18:24 INFO::euc_standardraw_time72_12.csv by k-nn classification accuracies are calculated.
2022-01-24 21:18:27 INFO::euc_standardraw_time72_13.csv by k-nn classification accuracies are calculated.
2022-01-24 21:18:30 INFO::euc_standardraw_time72_14.csv by k-nn classification accuracies are calculated.
2022-01-24 21:18:33 INFO::euc_standardraw_time72_15.csv by k-nn classification accuracies are calculated.
2022-01-24 21:18:36 INFO::euc_standardraw_time72_16.csv by k-nn classification accuracies are calculated.
2022-01-24 21:18:39 INFO::euc_standardraw_time72_17.csv by k-nn classification accuracies are calculated.
2022-01-24 21:18:43 INFO::euc_standardraw_time72_18.csv by k-nn classification accuracies are calculated.
2022-01-24 21:18:46 INFO::euc_standardraw_time72_19.csv by k-nn classification accuracies are calculated.
2022-01-24 21:18:49 INFO::euc_standardraw_time72_20.csv by k-nn classification accuracies are calculated.
2022-01-24 21:18:52 INFO::euc_standardraw_time72_21.csv by k-nn classification accuracies are calculated.
2022-01-24 21:18:55 INFO::euc_standardraw_time72_22.csv by k-nn classification accuracies are calculated.
2022-01-24 21:18:58 INFO::euc_standardraw_time72_23.csv by k-nn classification accuracies are calculated.
2022-01-24 21:18:59 INFO::lcss-epsilon0.5_classrep_time72_12.csv by k-nn classification accuracies are calculated.
2022-01-24 21:19:00 INFO::lcss-epsilon0.5_classrep_time72_13.csv by k-nn classification accuracies are calculated.
2022-01-24 21:19:01 INFO::lcss-epsilon0.5_classrep_time72_14.csv by k-nn classification accuracies are calculated.
2022-01-24 21:19:03 INFO::lcss-epsilon0.5_classrep_time72_15.csv by k-nn classification accuracies are calculated.
2022-01-24 21:19:04 INFO::lcss-epsilon0.5_classrep_time72_16.csv by k-nn classification accuracies are calculated.
2022-01-24 21:19:05 INFO::lcss-epsilon0.5_classrep_time72_17.csv by k-nn classification accuracies are calculated.
2022-01-24 21:19:06 INFO::lcss-epsilon0.5_classrep_time72_18.csv by k-nn classification accuracies are calculated.
2022-01-24 21:19:07 INFO::lcss-epsilon0.5_classrep_time72_19.csv by k-nn classification accuracies are calculated.
2022-01-24 21:19:08 INFO::lcss-epsilon0.5_classrep_time72_20.csv by k-nn classification accuracies are calculated.
2022-01-24 21:19:09 INFO::lcss-epsilon0.5_classrep_time72_21.csv by k-nn classification accuracies are calculated.
2022-01-24 21:19:11 INFO::lcss-epsilon0.5_classrep_time72_22.csv by k-nn classification accuracies are calculated.
2022-01-24 21:19:12 INFO::lcss-epsilon0.5_classrep_time72_23.csv by k-nn classification accuracies are calculated.
2022-01-24 21:19:13 INFO::lcss-epsilon0.5_pla_nimportant10_12.csv by k-nn classification accuracies are calculated.
2022-01-24 21:19:14 INFO::lcss-epsilon0.5_pla_nimportant10_13.csv by k-nn classification accuracies are calculated.
2022-01-24 21:19:16 INFO::lcss-epsilon0.5_pla_nimportant10_14.csv by k-nn classification accuracies are calculated.
2022-01-24 21:19:17 INFO::lcss-epsilon0.5_pla_nimportant10_15.csv by k-nn classification accuracies are calculated.
2022-01-24 21:19:18 INFO::lcss-epsilon0.5_pla_nimportant10_16.csv by k-nn classification accuracies are calculated.
2022-01-24 21:19:19 INFO::lcss-epsilon0.5_pla_nimportant10_17.csv by k-nn classification accuracies are calculated.
2022-01-24 21:19:21 INFO::lcss-epsilon0.5_pla_nimportant10_18.csv by k-nn classification accuracies are calculated.
2022-01-24 21:19:22 INFO::lcss-epsilon0.5_pla_nimportant10_19.csv by k-nn classification accuracies are calculated.
2022-01-24 21:19:23 INFO::lcss-epsilon0.5_pla_nimportant10_20.csv by k-nn classification accuracies are calculated.
2022-01-24 21:19:24 INFO::lcss-epsilon0.5_pla_nimportant10_21.csv by k-nn classification accuracies are calculated.
2022-01-24 21:19:26 INFO::lcss-epsilon0.5_pla_nimportant10_22.csv by k-nn classification accuracies are calculated.
2022-01-24 21:19:27 INFO::lcss-epsilon0.5_pla_nimportant10_23.csv by k-nn classification accuracies are calculated.
2022-01-24 21:19:28 INFO::lcss-epsilon0.5_pla_nimportant3_12.csv by k-nn classification accuracies are calculated.
2022-01-24 21:19:29 INFO::lcss-epsilon0.5_pla_nimportant3_13.csv by k-nn classification accuracies are calculated.
2022-01-24 21:19:31 INFO::lcss-epsilon0.5_pla_nimportant3_14.csv by k-nn classification accuracies are calculated.
2022-01-24 21:19:32 INFO::lcss-epsilon0.5_pla_nimportant3_15.csv by k-nn classification accuracies are calculated.
2022-01-24 21:19:33 INFO::lcss-epsilon0.5_pla_nimportant3_16.csv by k-nn classification accuracies are calculated.
2022-01-24 21:19:34 INFO::lcss-epsilon0.5_pla_nimportant3_17.csv by k-nn classification accuracies are calculated.
2022-01-24 21:19:35 INFO::lcss-epsilon0.5_pla_nimportant3_18.csv by k-nn classification accuracies are calculated.
2022-01-24 21:19:36 INFO::lcss-epsilon0.5_pla_nimportant3_19.csv by k-nn classification accuracies are calculated.
2022-01-24 21:19:37 INFO::lcss-epsilon0.5_pla_nimportant3_20.csv by k-nn classification accuracies are calculated.
2022-01-24 21:19:39 INFO::lcss-epsilon0.5_pla_nimportant3_21.csv by k-nn classification accuracies are calculated.
2022-01-24 21:19:40 INFO::lcss-epsilon0.5_pla_nimportant3_22.csv by k-nn classification accuracies are calculated.
2022-01-24 21:19:41 INFO::lcss-epsilon0.5_pla_nimportant3_23.csv by k-nn classification accuracies are calculated.
2022-01-24 21:19:43 INFO::lcss-epsilon0.5_pla_nimportant5_12.csv by k-nn classification accuracies are calculated.
2022-01-24 21:19:44 INFO::lcss-epsilon0.5_pla_nimportant5_13.csv by k-nn classification accuracies are calculated.
2022-01-24 21:19:45 INFO::lcss-epsilon0.5_pla_nimportant5_14.csv by k-nn classification accuracies are calculated.
2022-01-24 21:19:46 INFO::lcss-epsilon0.5_pla_nimportant5_15.csv by k-nn classification accuracies are calculated.
2022-01-24 21:19:47 INFO::lcss-epsilon0.5_pla_nimportant5_16.csv by k-nn classification accuracies are calculated.
2022-01-24 21:19:48 INFO::lcss-epsilon0.5_pla_nimportant5_17.csv by k-nn classification accuracies are calculated.
2022-01-24 21:19:49 INFO::lcss-epsilon0.5_pla_nimportant5_18.csv by k-nn classification accuracies are calculated.
2022-01-24 21:19:51 INFO::lcss-epsilon0.5_pla_nimportant5_19.csv by k-nn classification accuracies are calculated.
2022-01-24 21:19:52 INFO::lcss-epsilon0.5_pla_nimportant5_20.csv by k-nn classification accuracies are calculated.
2022-01-24 21:19:53 INFO::lcss-epsilon0.5_pla_nimportant5_21.csv by k-nn classification accuracies are calculated.
2022-01-24 21:19:54 INFO::lcss-epsilon0.5_pla_nimportant5_22.csv by k-nn classification accuracies are calculated.
2022-01-24 21:19:55 INFO::lcss-epsilon0.5_pla_nimportant5_23.csv by k-nn classification accuracies are calculated.
2022-01-24 21:19:56 INFO::lcss-epsilon0.5_raw_time168_12.csv by k-nn classification accuracies are calculated.
2022-01-24 21:19:58 INFO::lcss-epsilon0.5_raw_time168_13.csv by k-nn classification accuracies are calculated.
2022-01-24 21:19:59 INFO::lcss-epsilon0.5_raw_time168_14.csv by k-nn classification accuracies are calculated.
2022-01-24 21:20:00 INFO::lcss-epsilon0.5_raw_time168_15.csv by k-nn classification accuracies are calculated.
2022-01-24 21:20:01 INFO::lcss-epsilon0.5_raw_time168_16.csv by k-nn classification accuracies are calculated.
2022-01-24 21:20:02 INFO::lcss-epsilon0.5_raw_time168_17.csv by k-nn classification accuracies are calculated.
2022-01-24 21:20:03 INFO::lcss-epsilon0.5_raw_time168_18.csv by k-nn classification accuracies are calculated.
2022-01-24 21:20:04 INFO::lcss-epsilon0.5_raw_time168_19.csv by k-nn classification accuracies are calculated.
2022-01-24 21:20:06 INFO::lcss-epsilon0.5_raw_time168_20.csv by k-nn classification accuracies are calculated.
2022-01-24 21:20:07 INFO::lcss-epsilon0.5_raw_time168_21.csv by k-nn classification accuracies are calculated.
2022-01-24 21:20:08 INFO::lcss-epsilon0.5_raw_time168_22.csv by k-nn classification accuracies are calculated.
2022-01-24 21:20:09 INFO::lcss-epsilon0.5_raw_time168_23.csv by k-nn classification accuracies are calculated.
2022-01-24 21:20:10 INFO::lcss-epsilon0.5_raw_time336_12.csv by k-nn classification accuracies are calculated.
2022-01-24 21:20:11 INFO::lcss-epsilon0.5_raw_time336_13.csv by k-nn classification accuracies are calculated.
2022-01-24 21:20:12 INFO::lcss-epsilon0.5_raw_time336_14.csv by k-nn classification accuracies are calculated.
2022-01-24 21:20:14 INFO::lcss-epsilon0.5_raw_time336_15.csv by k-nn classification accuracies are calculated.
2022-01-24 21:20:15 INFO::lcss-epsilon0.5_raw_time336_16.csv by k-nn classification accuracies are calculated.
2022-01-24 21:20:16 INFO::lcss-epsilon0.5_raw_time336_17.csv by k-nn classification accuracies are calculated.
2022-01-24 21:20:17 INFO::lcss-epsilon0.5_raw_time336_18.csv by k-nn classification accuracies are calculated.
2022-01-24 21:20:18 INFO::lcss-epsilon0.5_raw_time336_19.csv by k-nn classification accuracies are calculated.
2022-01-24 21:20:19 INFO::lcss-epsilon0.5_raw_time336_20.csv by k-nn classification accuracies are calculated.
2022-01-24 21:20:21 INFO::lcss-epsilon0.5_raw_time336_21.csv by k-nn classification accuracies are calculated.
2022-01-24 21:20:22 INFO::lcss-epsilon0.5_raw_time336_22.csv by k-nn classification accuracies are calculated.
2022-01-24 21:20:23 INFO::lcss-epsilon0.5_raw_time336_23.csv by k-nn classification accuracies are calculated.
2022-01-24 21:20:24 INFO::lcss-epsilon0.5_raw_time72_12.csv by k-nn classification accuracies are calculated.
2022-01-24 21:20:25 INFO::lcss-epsilon0.5_raw_time72_13.csv by k-nn classification accuracies are calculated.
2022-01-24 21:20:27 INFO::lcss-epsilon0.5_raw_time72_14.csv by k-nn classification accuracies are calculated.
2022-01-24 21:20:28 INFO::lcss-epsilon0.5_raw_time72_15.csv by k-nn classification accuracies are calculated.
2022-01-24 21:20:29 INFO::lcss-epsilon0.5_raw_time72_16.csv by k-nn classification accuracies are calculated.
2022-01-24 21:20:30 INFO::lcss-epsilon0.5_raw_time72_17.csv by k-nn classification accuracies are calculated.
2022-01-24 21:20:31 INFO::lcss-epsilon0.5_raw_time72_18.csv by k-nn classification accuracies are calculated.
2022-01-24 21:20:32 INFO::lcss-epsilon0.5_raw_time72_19.csv by k-nn classification accuracies are calculated.
2022-01-24 21:20:34 INFO::lcss-epsilon0.5_raw_time72_20.csv by k-nn classification accuracies are calculated.
2022-01-24 21:20:35 INFO::lcss-epsilon0.5_raw_time72_21.csv by k-nn classification accuracies are calculated.
2022-01-24 21:20:36 INFO::lcss-epsilon0.5_raw_time72_22.csv by k-nn classification accuracies are calculated.
2022-01-24 21:20:37 INFO::lcss-epsilon0.5_raw_time72_23.csv by k-nn classification accuracies are calculated.
2022-01-24 21:20:38 INFO::lcss-epsilon0.5_rpart_maxdepth10_12.csv by k-nn classification accuracies are calculated.
2022-01-24 21:20:39 INFO::lcss-epsilon0.5_rpart_maxdepth10_13.csv by k-nn classification accuracies are calculated.
2022-01-24 21:20:41 INFO::lcss-epsilon0.5_rpart_maxdepth10_14.csv by k-nn classification accuracies are calculated.
2022-01-24 21:20:42 INFO::lcss-epsilon0.5_rpart_maxdepth10_15.csv by k-nn classification accuracies are calculated.
2022-01-24 21:20:43 INFO::lcss-epsilon0.5_rpart_maxdepth10_16.csv by k-nn classification accuracies are calculated.
2022-01-24 21:20:44 INFO::lcss-epsilon0.5_rpart_maxdepth10_17.csv by k-nn classification accuracies are calculated.
2022-01-24 21:20:45 INFO::lcss-epsilon0.5_rpart_maxdepth10_18.csv by k-nn classification accuracies are calculated.
2022-01-24 21:20:47 INFO::lcss-epsilon0.5_rpart_maxdepth10_19.csv by k-nn classification accuracies are calculated.
2022-01-24 21:20:48 INFO::lcss-epsilon0.5_rpart_maxdepth10_20.csv by k-nn classification accuracies are calculated.
2022-01-24 21:20:49 INFO::lcss-epsilon0.5_rpart_maxdepth10_21.csv by k-nn classification accuracies are calculated.
2022-01-24 21:20:50 INFO::lcss-epsilon0.5_rpart_maxdepth10_22.csv by k-nn classification accuracies are calculated.
2022-01-24 21:20:52 INFO::lcss-epsilon0.5_rpart_maxdepth10_23.csv by k-nn classification accuracies are calculated.
2022-01-24 21:20:53 INFO::lcss-epsilon0.5_rpart_maxdepth3_12.csv by k-nn classification accuracies are calculated.
2022-01-24 21:20:54 INFO::lcss-epsilon0.5_rpart_maxdepth3_13.csv by k-nn classification accuracies are calculated.
2022-01-24 21:20:55 INFO::lcss-epsilon0.5_rpart_maxdepth3_14.csv by k-nn classification accuracies are calculated.
2022-01-24 21:20:56 INFO::lcss-epsilon0.5_rpart_maxdepth3_15.csv by k-nn classification accuracies are calculated.
2022-01-24 21:20:57 INFO::lcss-epsilon0.5_rpart_maxdepth3_16.csv by k-nn classification accuracies are calculated.
2022-01-24 21:20:58 INFO::lcss-epsilon0.5_rpart_maxdepth3_17.csv by k-nn classification accuracies are calculated.
2022-01-24 21:21:00 INFO::lcss-epsilon0.5_rpart_maxdepth3_18.csv by k-nn classification accuracies are calculated.
2022-01-24 21:21:01 INFO::lcss-epsilon0.5_rpart_maxdepth3_19.csv by k-nn classification accuracies are calculated.
2022-01-24 21:21:02 INFO::lcss-epsilon0.5_rpart_maxdepth3_20.csv by k-nn classification accuracies are calculated.
2022-01-24 21:21:03 INFO::lcss-epsilon0.5_rpart_maxdepth3_21.csv by k-nn classification accuracies are calculated.
2022-01-24 21:21:04 INFO::lcss-epsilon0.5_rpart_maxdepth3_22.csv by k-nn classification accuracies are calculated.
2022-01-24 21:21:05 INFO::lcss-epsilon0.5_rpart_maxdepth3_23.csv by k-nn classification accuracies are calculated.
2022-01-24 21:21:06 INFO::lcss-epsilon0.5_rpart_maxdepth5_12.csv by k-nn classification accuracies are calculated.
2022-01-24 21:21:07 INFO::lcss-epsilon0.5_rpart_maxdepth5_13.csv by k-nn classification accuracies are calculated.
2022-01-24 21:21:08 INFO::lcss-epsilon0.5_rpart_maxdepth5_14.csv by k-nn classification accuracies are calculated.
2022-01-24 21:21:09 INFO::lcss-epsilon0.5_rpart_maxdepth5_15.csv by k-nn classification accuracies are calculated.
2022-01-24 21:21:10 INFO::lcss-epsilon0.5_rpart_maxdepth5_16.csv by k-nn classification accuracies are calculated.
2022-01-24 21:21:12 INFO::lcss-epsilon0.5_rpart_maxdepth5_17.csv by k-nn classification accuracies are calculated.
2022-01-24 21:21:13 INFO::lcss-epsilon0.5_rpart_maxdepth5_18.csv by k-nn classification accuracies are calculated.
2022-01-24 21:21:14 INFO::lcss-epsilon0.5_rpart_maxdepth5_19.csv by k-nn classification accuracies are calculated.
2022-01-24 21:21:15 INFO::lcss-epsilon0.5_rpart_maxdepth5_20.csv by k-nn classification accuracies are calculated.
2022-01-24 21:21:17 INFO::lcss-epsilon0.5_rpart_maxdepth5_21.csv by k-nn classification accuracies are calculated.
2022-01-24 21:21:18 INFO::lcss-epsilon0.5_rpart_maxdepth5_22.csv by k-nn classification accuracies are calculated.
2022-01-24 21:21:19 INFO::lcss-epsilon0.5_rpart_maxdepth5_23.csv by k-nn classification accuracies are calculated.
2022-01-24 21:21:20 INFO::lcss-epsilon0.5_sax_segmenthlength12apphabetsize3_12.csv by k-nn classification accuracies are calculated.
2022-01-24 21:21:21 INFO::lcss-epsilon0.5_sax_segmenthlength12apphabetsize3_13.csv by k-nn classification accuracies are calculated.
2022-01-24 21:21:22 INFO::lcss-epsilon0.5_sax_segmenthlength12apphabetsize3_14.csv by k-nn classification accuracies are calculated.
2022-01-24 21:21:23 INFO::lcss-epsilon0.5_sax_segmenthlength12apphabetsize3_15.csv by k-nn classification accuracies are calculated.
2022-01-24 21:21:24 INFO::lcss-epsilon0.5_sax_segmenthlength12apphabetsize3_16.csv by k-nn classification accuracies are calculated.
2022-01-24 21:21:25 INFO::lcss-epsilon0.5_sax_segmenthlength12apphabetsize3_17.csv by k-nn classification accuracies are calculated.
2022-01-24 21:21:27 INFO::lcss-epsilon0.5_sax_segmenthlength12apphabetsize3_18.csv by k-nn classification accuracies are calculated.
2022-01-24 21:21:28 INFO::lcss-epsilon0.5_sax_segmenthlength12apphabetsize3_19.csv by k-nn classification accuracies are calculated.
2022-01-24 21:21:29 INFO::lcss-epsilon0.5_sax_segmenthlength12apphabetsize3_20.csv by k-nn classification accuracies are calculated.
2022-01-24 21:21:30 INFO::lcss-epsilon0.5_sax_segmenthlength12apphabetsize3_21.csv by k-nn classification accuracies are calculated.
2022-01-24 21:21:31 INFO::lcss-epsilon0.5_sax_segmenthlength12apphabetsize3_22.csv by k-nn classification accuracies are calculated.
2022-01-24 21:21:32 INFO::lcss-epsilon0.5_sax_segmenthlength12apphabetsize3_23.csv by k-nn classification accuracies are calculated.
2022-01-24 21:21:34 INFO::lcss-epsilon0.5_sax_segmenthlength12apphabetsize5_12.csv by k-nn classification accuracies are calculated.
2022-01-24 21:21:35 INFO::lcss-epsilon0.5_sax_segmenthlength12apphabetsize5_13.csv by k-nn classification accuracies are calculated.
2022-01-24 21:21:36 INFO::lcss-epsilon0.5_sax_segmenthlength12apphabetsize5_14.csv by k-nn classification accuracies are calculated.
2022-01-24 21:21:37 INFO::lcss-epsilon0.5_sax_segmenthlength12apphabetsize5_15.csv by k-nn classification accuracies are calculated.
2022-01-24 21:21:38 INFO::lcss-epsilon0.5_sax_segmenthlength12apphabetsize5_16.csv by k-nn classification accuracies are calculated.
2022-01-24 21:21:39 INFO::lcss-epsilon0.5_sax_segmenthlength12apphabetsize5_17.csv by k-nn classification accuracies are calculated.
2022-01-24 21:21:41 INFO::lcss-epsilon0.5_sax_segmenthlength12apphabetsize5_18.csv by k-nn classification accuracies are calculated.
2022-01-24 21:21:42 INFO::lcss-epsilon0.5_sax_segmenthlength12apphabetsize5_19.csv by k-nn classification accuracies are calculated.
2022-01-24 21:21:43 INFO::lcss-epsilon0.5_sax_segmenthlength12apphabetsize5_20.csv by k-nn classification accuracies are calculated.
2022-01-24 21:21:44 INFO::lcss-epsilon0.5_sax_segmenthlength12apphabetsize5_21.csv by k-nn classification accuracies are calculated.
2022-01-24 21:21:46 INFO::lcss-epsilon0.5_sax_segmenthlength12apphabetsize5_22.csv by k-nn classification accuracies are calculated.
2022-01-24 21:21:47 INFO::lcss-epsilon0.5_sax_segmenthlength12apphabetsize5_23.csv by k-nn classification accuracies are calculated.
2022-01-24 21:21:48 INFO::lcss-epsilon0.5_sax_segmenthlength6apphabetsize3_12.csv by k-nn classification accuracies are calculated.
2022-01-24 21:21:50 INFO::lcss-epsilon0.5_sax_segmenthlength6apphabetsize3_13.csv by k-nn classification accuracies are calculated.
2022-01-24 21:21:51 INFO::lcss-epsilon0.5_sax_segmenthlength6apphabetsize3_14.csv by k-nn classification accuracies are calculated.
2022-01-24 21:21:52 INFO::lcss-epsilon0.5_sax_segmenthlength6apphabetsize3_15.csv by k-nn classification accuracies are calculated.
2022-01-24 21:21:53 INFO::lcss-epsilon0.5_sax_segmenthlength6apphabetsize3_16.csv by k-nn classification accuracies are calculated.
2022-01-24 21:21:54 INFO::lcss-epsilon0.5_sax_segmenthlength6apphabetsize3_17.csv by k-nn classification accuracies are calculated.
2022-01-24 21:21:55 INFO::lcss-epsilon0.5_sax_segmenthlength6apphabetsize3_18.csv by k-nn classification accuracies are calculated.
2022-01-24 21:21:57 INFO::lcss-epsilon0.5_sax_segmenthlength6apphabetsize3_19.csv by k-nn classification accuracies are calculated.
2022-01-24 21:21:58 INFO::lcss-epsilon0.5_sax_segmenthlength6apphabetsize3_20.csv by k-nn classification accuracies are calculated.
2022-01-24 21:21:59 INFO::lcss-epsilon0.5_sax_segmenthlength6apphabetsize3_21.csv by k-nn classification accuracies are calculated.
2022-01-24 21:22:00 INFO::lcss-epsilon0.5_sax_segmenthlength6apphabetsize3_22.csv by k-nn classification accuracies are calculated.
2022-01-24 21:22:02 INFO::lcss-epsilon0.5_sax_segmenthlength6apphabetsize3_23.csv by k-nn classification accuracies are calculated.
2022-01-24 21:22:03 INFO::lcss-epsilon0.5_sax_segmenthlength6apphabetsize5_12.csv by k-nn classification accuracies are calculated.
2022-01-24 21:22:04 INFO::lcss-epsilon0.5_sax_segmenthlength6apphabetsize5_13.csv by k-nn classification accuracies are calculated.
2022-01-24 21:22:05 INFO::lcss-epsilon0.5_sax_segmenthlength6apphabetsize5_14.csv by k-nn classification accuracies are calculated.
2022-01-24 21:22:06 INFO::lcss-epsilon0.5_sax_segmenthlength6apphabetsize5_15.csv by k-nn classification accuracies are calculated.
2022-01-24 21:22:07 INFO::lcss-epsilon0.5_sax_segmenthlength6apphabetsize5_16.csv by k-nn classification accuracies are calculated.
2022-01-24 21:22:08 INFO::lcss-epsilon0.5_sax_segmenthlength6apphabetsize5_17.csv by k-nn classification accuracies are calculated.
2022-01-24 21:22:10 INFO::lcss-epsilon0.5_sax_segmenthlength6apphabetsize5_18.csv by k-nn classification accuracies are calculated.
2022-01-24 21:22:11 INFO::lcss-epsilon0.5_sax_segmenthlength6apphabetsize5_19.csv by k-nn classification accuracies are calculated.
2022-01-24 21:22:12 INFO::lcss-epsilon0.5_sax_segmenthlength6apphabetsize5_20.csv by k-nn classification accuracies are calculated.
2022-01-24 21:22:13 INFO::lcss-epsilon0.5_sax_segmenthlength6apphabetsize5_21.csv by k-nn classification accuracies are calculated.
2022-01-24 21:22:14 INFO::lcss-epsilon0.5_sax_segmenthlength6apphabetsize5_22.csv by k-nn classification accuracies are calculated.
2022-01-24 21:22:15 INFO::lcss-epsilon0.5_sax_segmenthlength6apphabetsize5_23.csv by k-nn classification accuracies are calculated.
2022-01-24 21:22:16 INFO::lcss-epsilon0.5_standardraw_time72_12.csv by k-nn classification accuracies are calculated.
2022-01-24 21:22:18 INFO::lcss-epsilon0.5_standardraw_time72_13.csv by k-nn classification accuracies are calculated.
2022-01-24 21:22:19 INFO::lcss-epsilon0.5_standardraw_time72_14.csv by k-nn classification accuracies are calculated.
2022-01-24 21:22:20 INFO::lcss-epsilon0.5_standardraw_time72_15.csv by k-nn classification accuracies are calculated.
2022-01-24 21:22:21 INFO::lcss-epsilon0.5_standardraw_time72_16.csv by k-nn classification accuracies are calculated.
2022-01-24 21:22:22 INFO::lcss-epsilon0.5_standardraw_time72_17.csv by k-nn classification accuracies are calculated.
2022-01-24 21:22:23 INFO::lcss-epsilon0.5_standardraw_time72_18.csv by k-nn classification accuracies are calculated.
2022-01-24 21:22:25 INFO::lcss-epsilon0.5_standardraw_time72_19.csv by k-nn classification accuracies are calculated.
2022-01-24 21:22:26 INFO::lcss-epsilon0.5_standardraw_time72_20.csv by k-nn classification accuracies are calculated.
2022-01-24 21:22:27 INFO::lcss-epsilon0.5_standardraw_time72_21.csv by k-nn classification accuracies are calculated.
2022-01-24 21:22:28 INFO::lcss-epsilon0.5_standardraw_time72_22.csv by k-nn classification accuracies are calculated.
2022-01-24 21:22:29 INFO::lcss-epsilon0.5_standardraw_time72_23.csv by k-nn classification accuracies are calculated.
